2024-12-27 19:42:33,011 - INFO - アンモニアセンサーの値: -0.36
2024-12-27 19:42:33,011 - WARNING - アンモニアセンサーの値(-0.36)が危険範囲を超えています。
2024-12-27 19:42:33,011 - WARNING - アラームを鳴らします。
2024-12-27 19:42:33,011 - INFO - SMS送信先: +819012345678, メッセージ: アンモニアセンサーの値が危険: -0.36。
安全範囲: 0.0 ～ 1.0
2024-12-27 19:42:33,012 - INFO - SMS送信先: +819076543210, メッセージ: アンモニアセンサーの値が危険: -0.36。
安全範囲: 0.0 ～ 1.0
2024-12-27 19:42:33,012 - INFO - pHセンサーの値: 6.74
2024-12-27 19:42:33,012 - INFO - pHセンサーの値(6.74)は安全範囲内です。
2024-12-27 19:42:33,012 - INFO - 酸素センサーの値: 3.71
2024-12-27 19:42:33,012 - WARNING - 酸素センサーの値(3.71)が危険範囲を超えています。
2024-12-27 19:42:33,012 - WARNING - アラームを鳴らします。
2024-12-27 19:42:33,012 - INFO - SMS送信先: +819012345678, メッセージ: 酸素センサーの値が危険: 3.71。
安全範囲: 4.0 ～ 8.0
2024-12-27 19:42:33,012 - INFO - SMS送信先: +819076543210, メッセージ: 酸素センサーの値が危険: 3.71。
安全範囲: 4.0 ～ 8.0
2024-12-27 19:42:38,013 - INFO - アンモニアセンサーの値: 0.58
2024-12-27 19:42:38,013 - INFO - アンモニアセンサーの値(0.58)は安全範囲内です。
2024-12-27 19:42:40,014 - INFO - 酸素センサーの値: 3.75
2024-12-27 19:42:40,015 - WARNING - 酸素センサーの値(3.75)が危険範囲を超えています。
2024-12-27 19:42:40,015 - WARNING - アラームを鳴らします。
2024-12-27 19:42:40,016 - INFO - SMS送信先: +819012345678, メッセージ: 酸素センサーの値が危険: 3.75。
安全範囲: 4.0 ～ 8.0
2024-12-27 19:42:40,016 - INFO - SMS送信先: +819076543210, メッセージ: 酸素センサーの値が危険: 3.75。
安全範囲: 4.0 ～ 8.0
2024-12-27 19:42:43,013 - INFO - pHセンサーの値: 8.64
2024-12-27 19:42:43,013 - WARNING - pHセンサーの値(8.64)が危険範囲を超えています。
2024-12-27 19:42:43,013 - WARNING - アラームを鳴らします。
2024-12-27 19:42:43,013 - INFO - SMS送信先: +819012345678, メッセージ: pHセンサーの値が危険: 8.64。
安全範囲: 6.5 ～ 8.5
2024-12-27 19:42:43,013 - INFO - SMS送信先: +819076543210, メッセージ: pHセンサーの値が危険: 8.64。
安全範囲: 6.5 ～ 8.5
2024-12-27 19:42:43,014 - INFO - アンモニアセンサーの値: 0.64
2024-12-27 19:42:43,014 - INFO - アンモニアセンサーの値(0.64)は安全範囲内です。
2024-12-27 19:42:47,018 - INFO - 酸素センサーの値: 3.26
2024-12-27 19:42:47,018 - WARNING - 酸素センサーの値(3.26)が危険範囲を超えています。
2024-12-27 19:42:47,019 - WARNING - アラームを鳴らします。
2024-12-27 19:42:47,019 - INFO - SMS送信先: +819012345678, メッセージ: 酸素センサーの値が危険: 3.26。
安全範囲: 4.0 ～ 8.0
2024-12-27 19:42:47,019 - INFO - SMS送信先: +819076543210, メッセージ: 酸素センサーの値が危険: 3.26。
安全範囲: 4.0 ～ 8.0
2024-12-27 19:42:48,015 - INFO - アンモニアセンサーの値: -0.27
2024-12-27 19:42:48,016 - WARNING - アンモニアセンサーの値(-0.27)が危険範囲を超えています。
2024-12-27 19:42:48,018 - WARNING - アラームを鳴らします。
2024-12-27 19:42:48,019 - INFO - SMS送信先: +819012345678, メッセージ: アンモニアセンサーの値が危険: -0.27。
安全範囲: 0.0 ～ 1.0
2024-12-27 19:42:48,019 - INFO - SMS送信先: +819076543210, メッセージ: アンモニアセンサーの値が危険: -0.27。
安全範囲: 0.0 ～ 1.0
2024-12-27 19:42:53,015 - INFO - pHセンサーの値: 6.67
2024-12-27 19:42:53,016 - INFO - pHセンサーの値(6.67)は安全範囲内です。
2024-12-27 19:42:53,019 - INFO - アンモニアセンサーの値: 0.12
2024-12-27 19:42:53,020 - INFO - アンモニアセンサーの値(0.12)は安全範囲内です。
2024-12-27 19:42:54,020 - INFO - 酸素センサーの値: 8.92
2024-12-27 19:42:54,022 - WARNING - 酸素センサーの値(8.92)が危険範囲を超えています。
2024-12-27 19:42:54,022 - WARNING - アラームを鳴らします。
2024-12-27 19:42:54,022 - INFO - SMS送信先: +819012345678, メッセージ: 酸素センサーの値が危険: 8.92。
安全範囲: 4.0 ～ 8.0
2024-12-27 19:42:54,022 - INFO - SMS送信先: +819076543210, メッセージ: 酸素センサーの値が危険: 8.92。
安全範囲: 4.0 ～ 8.0
2024-12-27 19:42:58,021 - INFO - アンモニアセンサーの値: 0.64
2024-12-27 19:42:58,023 - INFO - アンモニアセンサーの値(0.64)は安全範囲内です。
2024-12-27 19:43:01,023 - INFO - 酸素センサーの値: 3.68
2024-12-27 19:43:01,024 - WARNING - 酸素センサーの値(3.68)が危険範囲を超えています。
2024-12-27 19:43:01,025 - WARNING - アラームを鳴らします。
2024-12-27 19:43:01,025 - INFO - SMS送信先: +819012345678, メッセージ: 酸素センサーの値が危険: 3.68。
安全範囲: 4.0 ～ 8.0
2024-12-27 19:43:01,025 - INFO - SMS送信先: +819076543210, メッセージ: 酸素センサーの値が危険: 3.68。
安全範囲: 4.0 ～ 8.0
2024-12-27 19:43:03,018 - INFO - pHセンサーの値: 8.82
2024-12-27 19:43:03,018 - WARNING - pHセンサーの値(8.82)が危険範囲を超えています。
2024-12-27 19:43:03,018 - WARNING - アラームを鳴らします。
2024-12-27 19:43:03,018 - INFO - SMS送信先: +819012345678, メッセージ: pHセンサーの値が危険: 8.82。
安全範囲: 6.5 ～ 8.5
2024-12-27 19:43:03,018 - INFO - SMS送信先: +819076543210, メッセージ: pHセンサーの値が危険: 8.82。
安全範囲: 6.5 ～ 8.5
2024-12-27 19:43:03,024 - INFO - アンモニアセンサーの値: 1.11
2024-12-27 19:43:03,024 - WARNING - アンモニアセンサーの値(1.11)が危険範囲を超えています。
2024-12-27 19:43:03,024 - WARNING - アラームを鳴らします。
2024-12-27 19:43:03,024 - INFO - SMS送信先: +819012345678, メッセージ: アンモニアセンサーの値が危険: 1.11。
安全範囲: 0.0 ～ 1.0
2024-12-27 19:43:03,024 - INFO - SMS送信先: +819076543210, メッセージ: アンモニアセンサーの値が危険: 1.11。
安全範囲: 0.0 ～ 1.0
2024-12-27 19:43:08,026 - INFO - アンモニアセンサーの値: 1.02
2024-12-27 19:43:08,027 - WARNING - アンモニアセンサーの値(1.02)が危険範囲を超えています。
2024-12-27 19:43:08,027 - WARNING - アラームを鳴らします。
2024-12-27 19:43:08,027 - INFO - SMS送信先: +819012345678, メッセージ: アンモニアセンサーの値が危険: 1.02。
安全範囲: 0.0 ～ 1.0
2024-12-27 19:43:08,027 - INFO - SMS送信先: +819076543210, メッセージ: アンモニアセンサーの値が危険: 1.02。
安全範囲: 0.0 ～ 1.0
2024-12-27 19:43:08,029 - INFO - 酸素センサーの値: 5.54
2024-12-27 19:43:08,030 - INFO - 酸素センサーの値(5.54)は安全範囲内です。
2024-12-27 19:43:13,020 - INFO - pHセンサーの値: 7.77
2024-12-27 19:43:13,021 - INFO - pHセンサーの値(7.77)は安全範囲内です。
2024-12-27 19:43:13,034 - INFO - アンモニアセンサーの値: 0.19
2024-12-27 19:43:13,034 - INFO - アンモニアセンサーの値(0.19)は安全範囲内です。
2024-12-27 19:43:15,031 - INFO - 酸素センサーの値: 4.1
2024-12-27 19:43:15,031 - INFO - 酸素センサーの値(4.1)は安全範囲内です。
2024-12-27 19:43:18,036 - INFO - アンモニアセンサーの値: 0.82
2024-12-27 19:43:18,037 - INFO - アンモニアセンサーの値(0.82)は安全範囲内です。
2024-12-27 19:43:20,886 - INFO - プログラムを終了します。
